BRCA1@1193	GS0	13022	100000	0.13022
BRCA1@1193	GS1	9501	100000	0.09501
BRCA1@1193	GS2	4678	100000	0.04678
BRCA1@1193	GS3	9501	100000	0.09501
BRCA1@1193	GS4	4678	100000	0.04678
BRCA1@1544	GS0	41819	100000	0.41819
BRCA1@1544	GS1	40240	100000	0.4024
BRCA1@1544	GS2	41819	100000	0.41819
BRCA1@1544	GS3	40240	100000	0.4024
BRCA1@1544	GS4	41819	100000	0.41819
BRCA1@1553	GS0	15200	100000	0.152
BRCA1@1553	GS1	13022	100000	0.13022
BRCA1@1553	GS2	13022	100000	0.13022
BRCA1@1553	GS3	13022	100000	0.13022
BRCA1@1553	GS4	15200	100000	0.152
BRCA1@745	GS0	15358	100000	0.15358
BRCA1@745	GS1	15358	100000	0.15358
BRCA1@745	GS2	15354	100000	0.15354
BRCA1@745	GS3	15358	100000	0.15358
BRCA1@745	GS4	15358	100000	0.15358
BRCA1@936	GS0	27689	100000	0.27689
BRCA1@936	GS1	24089	100000	0.24089
BRCA1@936	GS2	24089	100000	0.24089
BRCA1@936	GS3	11956	100000	0.11956
BRCA1@936	GS4	27689	100000	0.27689
